<?xml version="1.0" encoding="UTF-8"?>
<!-- Generated by org.testng.reporters.JUnitReportReporter -->
<testsuite hostname="ujjwalanand" failures="0" tests="1" name="pattern.Star" time="0.013" errors="0" timestamp="2023-10-26T10:24:11 IST" skipped="0">
  <testcase classname="pattern.Star" name="duplicate" time="0.013"/>
  <system-out/>
</testsuite> <!-- pattern.Star -->
